0 info it worked if it ends with ok
1 verbose cli [ 'node',
1 verbose cli   '/usr/local/bin/npm',
1 verbose cli   'install',
1 verbose cli   'grunt-contrib-concurrent',
1 verbose cli   '--save-dev' ]
2 info using npm@1.4.28
3 info using node@v0.10.33
4 warn package.json bae-nodejs@1.0.0 No repository field.
5 verbose readDependencies using package.json deps
6 verbose cache add [ 'grunt-contrib-concurrent', null ]
7 verbose cache add name=undefined spec="grunt-contrib-concurrent" args=["grunt-contrib-concurrent",null]
8 verbose parsed url { protocol: null,
8 verbose parsed url   slashes: null,
8 verbose parsed url   auth: null,
8 verbose parsed url   host: null,
8 verbose parsed url   port: null,
8 verbose parsed url   hostname: null,
8 verbose parsed url   hash: null,
8 verbose parsed url   search: null,
8 verbose parsed url   query: null,
8 verbose parsed url   pathname: 'grunt-contrib-concurrent',
8 verbose parsed url   path: 'grunt-contrib-concurrent',
8 verbose parsed url   href: 'grunt-contrib-concurrent' }
9 silly lockFile 06ef22ac-grunt-contrib-concurrent grunt-contrib-concurrent
10 verbose lock grunt-contrib-concurrent /Users/redrum/.npm/06ef22ac-grunt-contrib-concurrent.lock
11 silly lockFile 06ef22ac-grunt-contrib-concurrent grunt-contrib-concurrent
12 silly lockFile 06ef22ac-grunt-contrib-concurrent grunt-contrib-concurrent
13 verbose addNamed [ 'grunt-contrib-concurrent', '' ]
14 verbose addNamed [ null, '*' ]
15 silly lockFile bc5c1f85-grunt-contrib-concurrent grunt-contrib-concurrent@
16 verbose lock grunt-contrib-concurrent@ /Users/redrum/.npm/bc5c1f85-grunt-contrib-concurrent.lock
17 silly addNameRange { name: 'grunt-contrib-concurrent', range: '*', hasData: false }
18 verbose request where is /grunt-contrib-concurrent
19 verbose request registry https://registry.npmjs.org/
20 verbose request id b4f4554ebfcce1b1
21 verbose url raw /grunt-contrib-concurrent
22 verbose url resolving [ 'https://registry.npmjs.org/', './grunt-contrib-concurrent' ]
23 verbose url resolved https://registry.npmjs.org/grunt-contrib-concurrent
24 verbose request where is https://registry.npmjs.org/grunt-contrib-concurrent
25 info trying registry request attempt 1 at 00:18:22
26 http GET https://registry.npmjs.org/grunt-contrib-concurrent
27 http 404 https://registry.npmjs.org/grunt-contrib-concurrent
28 verbose headers { date: 'Mon, 23 Mar 2015 16:17:34 GMT',
28 verbose headers   server: 'CouchDB/1.5.0 (Erlang OTP/R16B03)',
28 verbose headers   'content-type': 'application/json',
28 verbose headers   'cache-control': 'max-age=0',
28 verbose headers   'content-length': '51',
28 verbose headers   'accept-ranges': 'bytes',
28 verbose headers   via: '1.1 varnish',
28 verbose headers   age: '0',
28 verbose headers   'x-served-by': 'cache-nrt6134-NRT',
28 verbose headers   'x-cache': 'MISS',
28 verbose headers   'x-cache-hits': '0',
28 verbose headers   'x-timer': 'S1427127454.375006,VS0,VE409',
28 verbose headers   'keep-alive': 'timeout=10, max=50',
28 verbose headers   connection: 'Keep-Alive' }
29 silly registry.get cb [ 404,
29 silly registry.get   { date: 'Mon, 23 Mar 2015 16:17:34 GMT',
29 silly registry.get     server: 'CouchDB/1.5.0 (Erlang OTP/R16B03)',
29 silly registry.get     'content-type': 'application/json',
29 silly registry.get     'cache-control': 'max-age=0',
29 silly registry.get     'content-length': '51',
29 silly registry.get     'accept-ranges': 'bytes',
29 silly registry.get     via: '1.1 varnish',
29 silly registry.get     age: '0',
29 silly registry.get     'x-served-by': 'cache-nrt6134-NRT',
29 silly registry.get     'x-cache': 'MISS',
29 silly registry.get     'x-cache-hits': '0',
29 silly registry.get     'x-timer': 'S1427127454.375006,VS0,VE409',
29 silly registry.get     'keep-alive': 'timeout=10, max=50',
29 silly registry.get     connection: 'Keep-Alive' } ]
30 silly lockFile bc5c1f85-grunt-contrib-concurrent grunt-contrib-concurrent@
31 silly lockFile bc5c1f85-grunt-contrib-concurrent grunt-contrib-concurrent@
32 error 404 404 Not Found: grunt-contrib-concurrent
32 error 404
32 error 404 'grunt-contrib-concurrent' is not in the npm registry.
32 error 404 You should bug the author to publish it
32 error 404 It was specified as a dependency of 'bae-nodejs'
32 error 404
32 error 404 Note that you can also install from a
32 error 404 tarball, folder, or http url, or git url.
33 error System Darwin 14.1.0
34 error command "node" "/usr/local/bin/npm" "install" "grunt-contrib-concurrent" "--save-dev"
35 error cwd /Users/redrum/nodepros/didaServer
36 error node -v v0.10.33
37 error npm -v 1.4.28
38 error code E404
39 verbose exit [ 1, true ]
